<?xml version="1.0" encoding="UTF-8"?>
<testng-results ignored="0" total="1" passed="1" failed="0" skipped="0">
  <reporter-output>
  </reporter-output>
  <suite started-at="2024-04-01T11:46:49 IST" name="Default suite" finished-at="2024-04-01T11:46:56 IST" duration-ms="7118">
    <groups>
    </groups>
    <test started-at="2024-04-01T11:46:49 IST" name="Default test" finished-at="2024-04-01T11:46:56 IST" duration-ms="7118">
      <class name="automationtesting.HandlePopUps">
        <test-method signature="Test1()[pri:0, instance:automationtesting.HandlePopUps@5c33f1a9]" started-at="2024-04-01T11:46:49 IST" name="Test1" finished-at="2024-04-01T11:46:56 IST" duration-ms="7077" status="PASS">
          <reporter-output>
          </reporter-output>
        </test-method> <!-- Test1 -->
      </class> <!-- automationtesting.HandlePopUps -->
    </test> <!-- Default test -->
  </suite> <!-- Default suite -->
</testng-results>
